<?xml version="1.0" encoding="UTF-8"?>
<!-- Generated by org.testng.reporters.JUnitReportReporter -->
<testsuite hostname="Kaviya" failures="0" tests="2" name="testcases.LoginTest" time="4.465" errors="0" timestamp="26 Nov 2023 17:02:12 GMT" skipped="0">
  <testcase classname="testcases.LoginTest" name="LoginFailiureTest" time="2.556"/>
  <testcase classname="testcases.LoginTest" name="LoginSuccessTest" time="1.909"/>
</testsuite> <!-- testcases.LoginTest -->
