<?xml version="1.0" encoding="UTF-8"?>
<!-- Generated by org.testng.reporters.JUnitReportReporter -->
<testsuite hostname="Kaviya" failures="0" tests="1" name="testcases.AddToCartTest" time="2.799" errors="0" timestamp="26 Nov 2023 17:09:41 GMT" skipped="0">
  <testcase classname="testcases.AddToCartTest" name="AddOneProductTest" time="2.799"/>
</testsuite> <!-- testcases.AddToCartTest -->
